<?xml version="1.0" encoding="UTF-8"?>
<!-- Generated by org.testng.reporters.JUnitXMLReporter -->
<testsuite hostname="Paresis-MacBook-Air-2.local" ignored="0" name="WW Find Studio Link Functionality" tests="1" failures="0" timestamp="28 Apr 2020 14:29:55 GMT" time="34.446" errors="0">
  <testcase name="findWorkShopFeatureTest on [FindaStudio_feature passed=0 failed=0 skipped=0]" time="26.643" classname="testCase.sysE2E.FindaStudio_feature"/>
</testsuite> <!-- WW Find Studio Link Functionality -->
